[1219/183806.891:ERROR:process_reader_win.cc(123)] NtOpenThread: {Käyttö estetty} Prosessi pyysi objektin käyttöä, mutta käyttöoikeuksia ei ole myönnetty. (0xc0000022)
[1219/183806.893:ERROR:exception_snapshot_win.cc(88)] thread ID 11400 not found in process
[1219/184046.510:ERROR:process_reader_win.cc(123)] NtOpenThread: {Käyttö estetty} Prosessi pyysi objektin käyttöä, mutta käyttöoikeuksia ei ole myönnetty. (0xc0000022)
[1219/184046.510:ERROR:exception_snapshot_win.cc(88)] thread ID 10000 not found in process
[1219/184625.475:ERROR:process_reader_win.cc(123)] NtOpenThread: {Käyttö estetty} Prosessi pyysi objektin käyttöä, mutta käyttöoikeuksia ei ole myönnetty. (0xc0000022)
[1219/184625.476:ERROR:exception_snapshot_win.cc(88)] thread ID 10140 not found in process
[1219/185500.504:ERROR:process_reader_win.cc(123)] NtOpenThread: {Käyttö estetty} Prosessi pyysi objektin käyttöä, mutta käyttöoikeuksia ei ole myönnetty. (0xc0000022)
[1219/185500.505:ERROR:exception_snapshot_win.cc(88)] thread ID 15108 not found in process
[1219/185707.864:ERROR:process_reader_win.cc(123)] NtOpenThread: {Käyttö estetty} Prosessi pyysi objektin käyttöä, mutta käyttöoikeuksia ei ole myönnetty. (0xc0000022)
[1219/185707.865:ERROR:exception_snapshot_win.cc(88)] thread ID 6812 not found in process
[1219/190249.269:ERROR:process_reader_win.cc(123)] NtOpenThread: {Käyttö estetty} Prosessi pyysi objektin käyttöä, mutta käyttöoikeuksia ei ole myönnetty. (0xc0000022)
[1219/190249.270:ERROR:exception_snapshot_win.cc(88)] thread ID 3760 not found in process
[1219/190255.594:ERROR:process_reader_win.cc(123)] NtOpenThread: {Käyttö estetty} Prosessi pyysi objektin käyttöä, mutta käyttöoikeuksia ei ole myönnetty. (0xc0000022)
[1219/190255.594:ERROR:exception_snapshot_win.cc(88)] thread ID 9744 not found in process
[1219/190255.595:ERROR:process_reader_win.cc(123)] NtOpenThread: {Käyttö estetty} Prosessi pyysi objektin käyttöä, mutta käyttöoikeuksia ei ole myönnetty. (0xc0000022)
[1219/190255.596:ERROR:exception_snapshot_win.cc(88)] thread ID 3016 not found in process
[1219/190537.959:ERROR:process_reader_win.cc(123)] NtOpenThread: {Käyttö estetty} Prosessi pyysi objektin käyttöä, mutta käyttöoikeuksia ei ole myönnetty. (0xc0000022)
[1219/190537.959:ERROR:exception_snapshot_win.cc(88)] thread ID 15332 not found in process
[1219/190633.330:ERROR:process_reader_win.cc(123)] NtOpenThread: {Käyttö estetty} Prosessi pyysi objektin käyttöä, mutta käyttöoikeuksia ei ole myönnetty. (0xc0000022)
[1219/190633.331:ERROR:exception_snapshot_win.cc(88)] thread ID 13808 not found in process
[1219/190937.489:ERROR:process_reader_win.cc(123)] NtOpenThread: {Käyttö estetty} Prosessi pyysi objektin käyttöä, mutta käyttöoikeuksia ei ole myönnetty. (0xc0000022)
[1219/190937.490:ERROR:exception_snapshot_win.cc(88)] thread ID 5708 not found in process
[1219/190937.492:ERROR:process_reader_win.cc(123)] NtOpenThread: {Käyttö estetty} Prosessi pyysi objektin käyttöä, mutta käyttöoikeuksia ei ole myönnetty. (0xc0000022)
[1219/190937.493:ERROR:exception_snapshot_win.cc(88)] thread ID 1000 not found in process
[1219/192503.430:ERROR:process_reader_win.cc(123)] NtOpenThread: {Käyttö estetty} Prosessi pyysi objektin käyttöä, mutta käyttöoikeuksia ei ole myönnetty. (0xc0000022)
[1219/192503.430:ERROR:exception_snapshot_win.cc(88)] thread ID 13188 not found in process
[1219/201802.773:ERROR:process_reader_win.cc(123)] NtOpenThread: {Käyttö estetty} Prosessi pyysi objektin käyttöä, mutta käyttöoikeuksia ei ole myönnetty. (0xc0000022)
[1219/201802.775:ERROR:exception_snapshot_win.cc(88)] thread ID 6476 not found in process
[1221/130925.253:ERROR:process_reader_win.cc(123)] NtOpenThread: {Käyttö estetty} Prosessi pyysi objektin käyttöä, mutta käyttöoikeuksia ei ole myönnetty. (0xc0000022)
[1221/130925.256:ERROR:exception_snapshot_win.cc(88)] thread ID 9804 not found in process
[1221/131839.646:ERROR:process_reader_win.cc(151)] SuspendThread: Käyttö estetty. (0x5)
[1221/131839.647:ERROR:process_reader_win.cc(151)] SuspendThread: Käyttö estetty. (0x5)
[1221/131839.647:ERROR:process_reader_win.cc(123)] NtOpenThread: {Käyttö estetty} Prosessi pyysi objektin käyttöä, mutta käyttöoikeuksia ei ole myönnetty. (0xc0000022)
[1221/131839.647:ERROR:exception_snapshot_win.cc(88)] thread ID 9848 not found in process
[1221/131839.647:ERROR:process_reader_win.cc(151)] SuspendThread: Käyttö estetty. (0x5)
[1221/131839.648:ERROR:process_reader_win.cc(151)] SuspendThread: Käyttö estetty. (0x5)
[1221/131839.648:ERROR:process_reader_win.cc(123)] NtOpenThread: {Käyttö estetty} Prosessi pyysi objektin käyttöä, mutta käyttöoikeuksia ei ole myönnetty. (0xc0000022)
[1221/131839.648:ERROR:exception_snapshot_win.cc(88)] thread ID 10276 not found in process
[1221/131839.653:ERROR:process_reader_win.cc(151)] SuspendThread: Käyttö estetty. (0x5)
[1221/131839.654:ERROR:process_reader_win.cc(151)] SuspendThread: Käyttö estetty. (0x5)
[1221/131839.654:ERROR:process_reader_win.cc(123)] NtOpenThread: {Käyttö estetty} Prosessi pyysi objektin käyttöä, mutta käyttöoikeuksia ei ole myönnetty. (0xc0000022)
[1221/131839.654:ERROR:exception_snapshot_win.cc(88)] thread ID 14200 not found in process
[1221/132227.501:ERROR:process_reader_win.cc(123)] NtOpenThread: {Käyttö estetty} Prosessi pyysi objektin käyttöä, mutta käyttöoikeuksia ei ole myönnetty. (0xc0000022)
[1221/132227.502:ERROR:exception_snapshot_win.cc(88)] thread ID 1696 not found in process
[1221/132344.766:ERROR:process_reader_win.cc(123)] NtOpenThread: {Käyttö estetty} Prosessi pyysi objektin käyttöä, mutta käyttöoikeuksia ei ole myönnetty. (0xc0000022)
[1221/132344.768:ERROR:exception_snapshot_win.cc(88)] thread ID 10208 not found in process
[1221/132408.254:ERROR:process_reader_win.cc(123)] NtOpenThread: {Käyttö estetty} Prosessi pyysi objektin käyttöä, mutta käyttöoikeuksia ei ole myönnetty. (0xc0000022)
[1221/132408.254:ERROR:exception_snapshot_win.cc(88)] thread ID 15060 not found in process
[1221/132444.526:ERROR:process_reader_win.cc(123)] NtOpenThread: {Käyttö estetty} Prosessi pyysi objektin käyttöä, mutta käyttöoikeuksia ei ole myönnetty. (0xc0000022)
[1221/132444.527:ERROR:exception_snapshot_win.cc(88)] thread ID 10876 not found in process
[1221/133212.426:ERROR:process_reader_win.cc(123)] NtOpenThread: {Käyttö estetty} Prosessi pyysi objektin käyttöä, mutta käyttöoikeuksia ei ole myönnetty. (0xc0000022)
[1221/133212.426:ERROR:exception_snapshot_win.cc(88)] thread ID 1980 not found in process
[1221/133519.495:ERROR:process_reader_win.cc(123)] NtOpenThread: {Käyttö estetty} Prosessi pyysi objektin käyttöä, mutta käyttöoikeuksia ei ole myönnetty. (0xc0000022)
[1221/133519.496:ERROR:exception_snapshot_win.cc(88)] thread ID 11352 not found in process
[1221/155537.269:ERROR:process_reader_win.cc(123)] NtOpenThread: {Käyttö estetty} Prosessi pyysi objektin käyttöä, mutta käyttöoikeuksia ei ole myönnetty. (0xc0000022)
[1221/155537.271:ERROR:exception_snapshot_win.cc(88)] thread ID 16220 not found in process
[1221/155540.347:ERROR:process_reader_win.cc(123)] NtOpenThread: {Käyttö estetty} Prosessi pyysi objektin käyttöä, mutta käyttöoikeuksia ei ole myönnetty. (0xc0000022)
[1221/155540.348:ERROR:exception_snapshot_win.cc(88)] thread ID 15752 not found in process
[1221/155540.347:ERROR:process_reader_win.cc(123)] NtOpenThread: {Käyttö estetty} Prosessi pyysi objektin käyttöä, mutta käyttöoikeuksia ei ole myönnetty. (0xc0000022)
[1221/155540.350:ERROR:exception_snapshot_win.cc(88)] thread ID 4556 not found in process
[1221/155540.358:ERROR:process_reader_win.cc(123)] NtOpenThread: {Käyttö estetty} Prosessi pyysi objektin käyttöä, mutta käyttöoikeuksia ei ole myönnetty. (0xc0000022)
[1221/155540.359:ERROR:exception_snapshot_win.cc(88)] thread ID 9772 not found in process
[1221/155540.352:ERROR:process_reader_win.cc(123)] NtOpenThread: {Käyttö estetty} Prosessi pyysi objektin käyttöä, mutta käyttöoikeuksia ei ole myönnetty. (0xc0000022)
[1221/155540.375:ERROR:exception_snapshot_win.cc(88)] thread ID 11756 not found in process
[1221/155935.328:ERROR:process_reader_win.cc(123)] NtOpenThread: {Käyttö estetty} Prosessi pyysi objektin käyttöä, mutta käyttöoikeuksia ei ole myönnetty. (0xc0000022)
[1221/155935.329:ERROR:exception_snapshot_win.cc(88)] thread ID 14876 not found in process
[1221/160218.653:ERROR:process_reader_win.cc(123)] NtOpenThread: {Käyttö estetty} Prosessi pyysi objektin käyttöä, mutta käyttöoikeuksia ei ole myönnetty. (0xc0000022)
[1221/160218.654:ERROR:exception_snapshot_win.cc(88)] thread ID 6752 not found in process
[1221/161051.340:ERROR:process_reader_win.cc(123)] NtOpenThread: {Käyttö estetty} Prosessi pyysi objektin käyttöä, mutta käyttöoikeuksia ei ole myönnetty. (0xc0000022)
[1221/161051.341:ERROR:exception_snapshot_win.cc(88)] thread ID 7440 not found in process
[1221/161516.634:ERROR:process_reader_win.cc(123)] NtOpenThread: {Käyttö estetty} Prosessi pyysi objektin käyttöä, mutta käyttöoikeuksia ei ole myönnetty. (0xc0000022)
[1221/161516.635:ERROR:exception_snapshot_win.cc(88)] thread ID 9984 not found in process
[1221/162628.358:ERROR:process_reader_win.cc(123)] NtOpenThread: {Käyttö estetty} Prosessi pyysi objektin käyttöä, mutta käyttöoikeuksia ei ole myönnetty. (0xc0000022)
[1221/162628.358:ERROR:exception_snapshot_win.cc(88)] thread ID 2168 not found in process
[1221/162635.944:ERROR:process_reader_win.cc(123)] NtOpenThread: {Käyttö estetty} Prosessi pyysi objektin käyttöä, mutta käyttöoikeuksia ei ole myönnetty. (0xc0000022)
[1221/162635.945:ERROR:exception_snapshot_win.cc(88)] thread ID 14712 not found in process
[1221/205424.875:ERROR:process_reader_win.cc(123)] NtOpenThread: {Käyttö estetty} Prosessi pyysi objektin käyttöä, mutta käyttöoikeuksia ei ole myönnetty. (0xc0000022)
[1221/205424.876:ERROR:exception_snapshot_win.cc(88)] thread ID 15040 not found in process
[1221/210433.384:ERROR:process_reader_win.cc(123)] NtOpenThread: {Käyttö estetty} Prosessi pyysi objektin käyttöä, mutta käyttöoikeuksia ei ole myönnetty. (0xc0000022)
[1221/210433.384:ERROR:exception_snapshot_win.cc(88)] thread ID 8204 not found in process
[1221/210433.386:ERROR:process_reader_win.cc(123)] NtOpenThread: {Käyttö estetty} Prosessi pyysi objektin käyttöä, mutta käyttöoikeuksia ei ole myönnetty. (0xc0000022)
[1221/210433.386:ERROR:exception_snapshot_win.cc(88)] thread ID 5448 not found in process
[1221/212256.142:ERROR:process_reader_win.cc(123)] NtOpenThread: {Käyttö estetty} Prosessi pyysi objektin käyttöä, mutta käyttöoikeuksia ei ole myönnetty. (0xc0000022)
[1221/212256.143:ERROR:exception_snapshot_win.cc(88)] thread ID 16768 not found in process
[1221/220019.777:ERROR:process_reader_win.cc(151)] SuspendThread: Käyttö estetty. (0x5)
[1221/220019.778:ERROR:process_reader_win.cc(151)] SuspendThread: Käyttö estetty. (0x5)
[1221/220019.778:ERROR:process_reader_win.cc(151)] SuspendThread: Käyttö estetty. (0x5)
[1221/220019.778:ERROR:process_reader_win.cc(151)] SuspendThread: Käyttö estetty. (0x5)
[1221/220019.778:ERROR:process_reader_win.cc(151)] SuspendThread: Käyttö estetty. (0x5)
[1221/220019.778:ERROR:process_reader_win.cc(151)] SuspendThread: Käyttö estetty. (0x5)
[1221/220019.778:ERROR:process_reader_win.cc(151)] SuspendThread: Käyttö estetty. (0x5)
[1221/220019.778:ERROR:process_reader_win.cc(151)] SuspendThread: Käyttö estetty. (0x5)
[1221/220019.778:ERROR:process_reader_win.cc(151)] SuspendThread: Käyttö estetty. (0x5)
[1221/220019.778:ERROR:process_reader_win.cc(151)] SuspendThread: Käyttö estetty. (0x5)
[1221/220019.778:ERROR:process_reader_win.cc(151)] SuspendThread: Käyttö estetty. (0x5)
[1221/220019.778:ERROR:process_reader_win.cc(151)] SuspendThread: Käyttö estetty. (0x5)
[1221/220019.778:ERROR:process_reader_win.cc(151)] SuspendThread: Käyttö estetty. (0x5)
[1221/220019.778:ERROR:process_reader_win.cc(151)] SuspendThread: Käyttö estetty. (0x5)
[1221/220019.778:ERROR:process_reader_win.cc(151)] SuspendThread: Käyttö estetty. (0x5)
[1221/220019.778:ERROR:process_reader_win.cc(151)] SuspendThread: Käyttö estetty. (0x5)
[1221/220019.778:ERROR:process_reader_win.cc(151)] SuspendThread: Käyttö estetty. (0x5)
[1221/220019.778:ERROR:process_reader_win.cc(151)] SuspendThread: Käyttö estetty. (0x5)
[1221/220019.778:ERROR:process_reader_win.cc(151)] SuspendThread: Käyttö estetty. (0x5)
[1221/220019.778:ERROR:process_reader_win.cc(151)] SuspendThread: Käyttö estetty. (0x5)
[1221/220019.778:ERROR:process_reader_win.cc(151)] SuspendThread: Käyttö estetty. (0x5)
[1221/220019.778:ERROR:process_reader_win.cc(151)] SuspendThread: Käyttö estetty. (0x5)
[1221/220019.778:ERROR:process_reader_win.cc(151)] SuspendThread: Käyttö estetty. (0x5)
[1221/220019.778:ERROR:process_reader_win.cc(151)] SuspendThread: Käyttö estetty. (0x5)
[1221/220019.778:ERROR:process_reader_win.cc(151)] SuspendThread: Käyttö estetty. (0x5)
[1221/220019.778:ERROR:process_reader_win.cc(151)] SuspendThread: Käyttö estetty. (0x5)
[1221/220019.777:ERROR:process_reader_win.cc(151)] SuspendThread: Käyttö estetty. (0x5)
[1221/220019.778:ERROR:process_reader_win.cc(151)] SuspendThread: Käyttö estetty. (0x5)
[1221/220019.779:ERROR:process_reader_win.cc(151)] SuspendThread: Käyttö estetty. (0x5)
[1221/220019.779:ERROR:process_reader_win.cc(151)] SuspendThread: Käyttö estetty. (0x5)
[1221/220019.779:ERROR:process_reader_win.cc(151)] SuspendThread: Käyttö estetty. (0x5)
[1221/220019.778:ERROR:process_reader_win.cc(123)] NtOpenThread: {Käyttö estetty} Prosessi pyysi objektin käyttöä, mutta käyttöoikeuksia ei ole myönnetty. (0xc0000022)
[1221/220019.779:ERROR:process_reader_win.cc(151)] SuspendThread: Käyttö estetty. (0x5)
[1221/220019.779:ERROR:exception_snapshot_win.cc(88)] thread ID 17068 not found in process
[1221/220019.779:ERROR:process_reader_win.cc(151)] SuspendThread: Käyttö estetty. (0x5)
[1221/220019.779:ERROR:process_reader_win.cc(151)] SuspendThread: Käyttö estetty. (0x5)
[1221/220019.779:ERROR:process_reader_win.cc(151)] SuspendThread: Käyttö estetty. (0x5)
[1221/220019.779:ERROR:process_reader_win.cc(151)] SuspendThread: Käyttö estetty. (0x5)
[1221/220019.779:ERROR:process_reader_win.cc(151)] SuspendThread: Käyttö estetty. (0x5)
[1221/220019.779:ERROR:process_reader_win.cc(151)] SuspendThread: Käyttö estetty. (0x5)
[1221/220019.779:ERROR:process_reader_win.cc(151)] SuspendThread: Käyttö estetty. (0x5)
[1221/220019.779:ERROR:process_reader_win.cc(151)] SuspendThread: Käyttö estetty. (0x5)
[1221/220019.779:ERROR:process_reader_win.cc(151)] SuspendThread: Käyttö estetty. (0x5)
[1221/220019.779:ERROR:process_reader_win.cc(151)] SuspendThread: Käyttö estetty. (0x5)
[1221/220019.779:ERROR:process_reader_win.cc(151)] SuspendThread: Käyttö estetty. (0x5)
[1221/220019.779:ERROR:process_reader_win.cc(151)] SuspendThread: Käyttö estetty. (0x5)
[1221/220019.779:ERROR:process_reader_win.cc(151)] SuspendThread: Käyttö estetty. (0x5)
[1221/220019.779:ERROR:process_reader_win.cc(151)] SuspendThread: Käyttö estetty. (0x5)
[1221/220019.779:ERROR:process_reader_win.cc(151)] SuspendThread: Käyttö estetty. (0x5)
[1221/220019.779:ERROR:process_reader_win.cc(151)] SuspendThread: Käyttö estetty. (0x5)
[1221/220019.779:ERROR:process_reader_win.cc(151)] SuspendThread: Käyttö estetty. (0x5)
[1221/220019.779:ERROR:process_reader_win.cc(151)] SuspendThread: Käyttö estetty. (0x5)
[1221/220019.779:ERROR:process_reader_win.cc(151)] SuspendThread: Käyttö estetty. (0x5)
[1221/220019.779:ERROR:process_reader_win.cc(151)] SuspendThread: Käyttö estetty. (0x5)
[1221/220019.779:ERROR:process_reader_win.cc(151)] SuspendThread: Käyttö estetty. (0x5)
[1221/220019.779:ERROR:process_reader_win.cc(151)] SuspendThread: Käyttö estetty. (0x5)
[1221/220019.779:ERROR:process_reader_win.cc(151)] SuspendThread: Käyttö estetty. (0x5)
[1221/220019.779:ERROR:process_reader_win.cc(151)] SuspendThread: Käyttö estetty. (0x5)
[1221/220019.779:ERROR:process_reader_win.cc(151)] SuspendThread: Käyttö estetty. (0x5)
[1221/220019.779:ERROR:process_reader_win.cc(151)] SuspendThread: Käyttö estetty. (0x5)
[1221/220019.779:ERROR:process_reader_win.cc(151)] SuspendThread: Käyttö estetty. (0x5)
[1221/220019.779:ERROR:process_reader_win.cc(151)] SuspendThread: Käyttö estetty. (0x5)
[1221/220019.779:ERROR:process_reader_win.cc(151)] SuspendThread: Käyttö estetty. (0x5)
[1221/220019.779:ERROR:process_reader_win.cc(151)] SuspendThread: Käyttö estetty. (0x5)
[1221/220019.779:ERROR:process_reader_win.cc(151)] SuspendThread: Käyttö estetty. (0x5)
[1221/220019.779:ERROR:process_reader_win.cc(151)] SuspendThread: Käyttö estetty. (0x5)
[1221/220019.779:ERROR:process_reader_win.cc(151)] SuspendThread: Käyttö estetty. (0x5)
[1221/220019.779:ERROR:process_reader_win.cc(151)] SuspendThread: Käyttö estetty. (0x5)
[1221/220019.779:ERROR:process_reader_win.cc(151)] SuspendThread: Käyttö estetty. (0x5)
[1221/220019.779:ERROR:process_reader_win.cc(151)] SuspendThread: Käyttö estetty. (0x5)
[1221/220019.779:ERROR:process_reader_win.cc(151)] SuspendThread: Käyttö estetty. (0x5)
[1221/220019.779:ERROR:process_reader_win.cc(151)] SuspendThread: Käyttö estetty. (0x5)
[1221/220019.779:ERROR:process_reader_win.cc(151)] SuspendThread: Käyttö estetty. (0x5)
[1221/220019.779:ERROR:process_reader_win.cc(151)] SuspendThread: Käyttö estetty. (0x5)
[1221/220019.779:ERROR:process_reader_win.cc(151)] SuspendThread: Käyttö estetty. (0x5)
[1221/220019.779:ERROR:process_reader_win.cc(151)] SuspendThread: Käyttö estetty. (0x5)
[1221/220019.779:ERROR:process_reader_win.cc(151)] SuspendThread: Käyttö estetty. (0x5)
[1221/220019.779:ERROR:process_reader_win.cc(123)] NtOpenThread: {Käyttö estetty} Prosessi pyysi objektin käyttöä, mutta käyttöoikeuksia ei ole myönnetty. (0xc0000022)
[1221/220019.779:ERROR:exception_snapshot_win.cc(88)] thread ID 16952 not found in process
[1221/220019.779:ERROR:process_reader_win.cc(123)] NtOpenThread: {Käyttö estetty} Prosessi pyysi objektin käyttöä, mutta käyttöoikeuksia ei ole myönnetty. (0xc0000022)
[1221/220019.779:ERROR:exception_snapshot_win.cc(88)] thread ID 17396 not found in process
[1221/220106.965:ERROR:process_reader_win.cc(151)] SuspendThread: Käyttö estetty. (0x5)
[1221/220106.966:ERROR:process_reader_win.cc(151)] SuspendThread: Käyttö estetty. (0x5)
[1221/220106.966:ERROR:process_reader_win.cc(151)] SuspendThread: Käyttö estetty. (0x5)
[1221/220106.966:ERROR:process_reader_win.cc(151)] SuspendThread: Käyttö estetty. (0x5)
[1221/220106.966:ERROR:process_reader_win.cc(151)] SuspendThread: Käyttö estetty. (0x5)
[1221/220106.966:ERROR:process_reader_win.cc(151)] SuspendThread: Käyttö estetty. (0x5)
[1221/220106.966:ERROR:process_reader_win.cc(151)] SuspendThread: Käyttö estetty. (0x5)
[1221/220106.966:ERROR:process_reader_win.cc(151)] SuspendThread: Käyttö estetty. (0x5)
[1221/220106.966:ERROR:process_reader_win.cc(151)] SuspendThread: Käyttö estetty. (0x5)
[1221/220106.966:ERROR:process_reader_win.cc(151)] SuspendThread: Käyttö estetty. (0x5)
[1221/220106.966:ERROR:process_reader_win.cc(151)] SuspendThread: Käyttö estetty. (0x5)
[1221/220106.966:ERROR:process_reader_win.cc(151)] SuspendThread: Käyttö estetty. (0x5)
[1221/220106.966:ERROR:process_reader_win.cc(151)] SuspendThread: Käyttö estetty. (0x5)
[1221/220106.966:ERROR:process_reader_win.cc(151)] SuspendThread: Käyttö estetty. (0x5)
[1221/220106.966:ERROR:process_reader_win.cc(151)] SuspendThread: Käyttö estetty. (0x5)
[1221/220106.966:ERROR:process_reader_win.cc(151)] SuspendThread: Käyttö estetty. (0x5)
[1221/220106.966:ERROR:process_reader_win.cc(151)] SuspendThread: Käyttö estetty. (0x5)
[1221/220106.966:ERROR:process_reader_win.cc(151)] SuspendThread: Käyttö estetty. (0x5)
[1221/220106.966:ERROR:process_reader_win.cc(151)] SuspendThread: Käyttö estetty. (0x5)
[1221/220106.966:ERROR:process_reader_win.cc(151)] SuspendThread: Käyttö estetty. (0x5)
[1221/220106.966:ERROR:process_reader_win.cc(151)] SuspendThread: Käyttö estetty. (0x5)
[1221/220106.966:ERROR:process_reader_win.cc(151)] SuspendThread: Käyttö estetty. (0x5)
[1221/220106.966:ERROR:process_reader_win.cc(151)] SuspendThread: Käyttö estetty. (0x5)
[1221/220106.966:ERROR:process_reader_win.cc(123)] NtOpenThread: Määritetty asiakastunnus ei kelpaa. (0xc000000b)
[1221/220106.967:ERROR:process_reader_win.cc(151)] SuspendThread: Käyttö estetty. (0x5)
[1221/220106.967:ERROR:process_reader_win.cc(151)] SuspendThread: Käyttö estetty. (0x5)
[1221/220106.967:ERROR:process_reader_win.cc(151)] SuspendThread: Käyttö estetty. (0x5)
[1221/220106.967:ERROR:process_reader_win.cc(151)] SuspendThread: Käyttö estetty. (0x5)
[1221/220106.967:ERROR:process_reader_win.cc(151)] SuspendThread: Käyttö estetty. (0x5)
[1221/220106.967:ERROR:process_reader_win.cc(151)] SuspendThread: Käyttö estetty. (0x5)
[1221/220106.967:ERROR:process_reader_win.cc(151)] SuspendThread: Käyttö estetty. (0x5)
[1221/220106.967:ERROR:process_reader_win.cc(151)] SuspendThread: Käyttö estetty. (0x5)
[1221/220106.967:ERROR:process_reader_win.cc(151)] SuspendThread: Käyttö estetty. (0x5)
[1221/220106.967:ERROR:process_reader_win.cc(123)] NtOpenThread: {Käyttö estetty} Prosessi pyysi objektin käyttöä, mutta käyttöoikeuksia ei ole myönnetty. (0xc0000022)
[1221/220106.967:ERROR:exception_snapshot_win.cc(88)] thread ID 7640 not found in process
[1221/221110.007:ERROR:process_reader_win.cc(123)] NtOpenThread: {Käyttö estetty} Prosessi pyysi objektin käyttöä, mutta käyttöoikeuksia ei ole myönnetty. (0xc0000022)
[1221/221110.008:ERROR:exception_snapshot_win.cc(88)] thread ID 19360 not found in process
[1221/221110.007:ERROR:process_reader_win.cc(123)] NtOpenThread: {Käyttö estetty} Prosessi pyysi objektin käyttöä, mutta käyttöoikeuksia ei ole myönnetty. (0xc0000022)
[1221/221110.008:ERROR:exception_snapshot_win.cc(88)] thread ID 10756 not found in process
[1221/221727.172:ERROR:process_reader_win.cc(123)] NtOpenThread: {Käyttö estetty} Prosessi pyysi objektin käyttöä, mutta käyttöoikeuksia ei ole myönnetty. (0xc0000022)
[1221/221727.173:ERROR:exception_snapshot_win.cc(88)] thread ID 9688 not found in process
[1221/222030.818:ERROR:process_reader_win.cc(123)] NtOpenThread: {Käyttö estetty} Prosessi pyysi objektin käyttöä, mutta käyttöoikeuksia ei ole myönnetty. (0xc0000022)
[1221/222030.819:ERROR:exception_snapshot_win.cc(88)] thread ID 1980 not found in process
[1221/222853.420:ERROR:process_reader_win.cc(123)] NtOpenThread: {Käyttö estetty} Prosessi pyysi objektin käyttöä, mutta käyttöoikeuksia ei ole myönnetty. (0xc0000022)
[1221/222853.420:ERROR:exception_snapshot_win.cc(88)] thread ID 16800 not found in process
[1221/222853.425:ERROR:process_reader_win.cc(123)] NtOpenThread: {Käyttö estetty} Prosessi pyysi objektin käyttöä, mutta käyttöoikeuksia ei ole myönnetty. (0xc0000022)
[1221/222853.426:ERROR:exception_snapshot_win.cc(88)] thread ID 17704 not found in process
[1221/223419.916:ERROR:process_reader_win.cc(123)] NtOpenThread: {Käyttö estetty} Prosessi pyysi objektin käyttöä, mutta käyttöoikeuksia ei ole myönnetty. (0xc0000022)
[1221/223419.917:ERROR:exception_snapshot_win.cc(88)] thread ID 1488 not found in process
[1221/225526.162:ERROR:process_reader_win.cc(123)] NtOpenThread: {Käyttö estetty} Prosessi pyysi objektin käyttöä, mutta käyttöoikeuksia ei ole myönnetty. (0xc0000022)
[1221/225526.163:ERROR:exception_snapshot_win.cc(88)] thread ID 17132 not found in process
[1221/225912.535:ERROR:process_reader_win.cc(123)] NtOpenThread: {Käyttö estetty} Prosessi pyysi objektin käyttöä, mutta käyttöoikeuksia ei ole myönnetty. (0xc0000022)
[1221/225912.536:ERROR:exception_snapshot_win.cc(88)] thread ID 18300 not found in process
[1221/230739.924:ERROR:process_reader_win.cc(123)] NtOpenThread: {Käyttö estetty} Prosessi pyysi objektin käyttöä, mutta käyttöoikeuksia ei ole myönnetty. (0xc0000022)
[1221/230739.924:ERROR:exception_snapshot_win.cc(88)] thread ID 17568 not found in process
[1222/015111.608:ERROR:process_reader_win.cc(123)] NtOpenThread: {Käyttö estetty} Prosessi pyysi objektin käyttöä, mutta käyttöoikeuksia ei ole myönnetty. (0xc0000022)
[1222/015111.611:ERROR:exception_snapshot_win.cc(88)] thread ID 17892 not found in process
[1222/015611.959:ERROR:process_reader_win.cc(123)] NtOpenThread: {Käyttö estetty} Prosessi pyysi objektin käyttöä, mutta käyttöoikeuksia ei ole myönnetty. (0xc0000022)
[1222/015611.960:ERROR:exception_snapshot_win.cc(88)] thread ID 18256 not found in process
[1222/015941.223:ERROR:process_reader_win.cc(123)] NtOpenThread: {Käyttö estetty} Prosessi pyysi objektin käyttöä, mutta käyttöoikeuksia ei ole myönnetty. (0xc0000022)
[1222/015941.224:ERROR:exception_snapshot_win.cc(88)] thread ID 16604 not found in process
[1222/020044.139:ERROR:process_reader_win.cc(123)] NtOpenThread: {Käyttö estetty} Prosessi pyysi objektin käyttöä, mutta käyttöoikeuksia ei ole myönnetty. (0xc0000022)
[1222/020044.140:ERROR:exception_snapshot_win.cc(88)] thread ID 8172 not found in process
[1222/020044.140:ERROR:process_reader_win.cc(123)] NtOpenThread: {Käyttö estetty} Prosessi pyysi objektin käyttöä, mutta käyttöoikeuksia ei ole myönnetty. (0xc0000022)
[1222/020044.141:ERROR:exception_snapshot_win.cc(88)] thread ID 1528 not found in process
[1222/020044.143:ERROR:process_reader_win.cc(123)] NtOpenThread: {Käyttö estetty} Prosessi pyysi objektin käyttöä, mutta käyttöoikeuksia ei ole myönnetty. (0xc0000022)
[1222/020044.149:ERROR:exception_snapshot_win.cc(88)] thread ID 10000 not found in process
[1222/020603.294:ERROR:process_reader_win.cc(123)] NtOpenThread: {Käyttö estetty} Prosessi pyysi objektin käyttöä, mutta käyttöoikeuksia ei ole myönnetty. (0xc0000022)
[1222/020603.294:ERROR:exception_snapshot_win.cc(88)] thread ID 16236 not found in process
[1222/020831.734:ERROR:process_reader_win.cc(123)] NtOpenThread: {Käyttö estetty} Prosessi pyysi objektin käyttöä, mutta käyttöoikeuksia ei ole myönnetty. (0xc0000022)
[1222/020831.735:ERROR:exception_snapshot_win.cc(88)] thread ID 17480 not found in process
[1222/020831.762:ERROR:process_reader_win.cc(123)] NtOpenThread: {Käyttö estetty} Prosessi pyysi objektin käyttöä, mutta käyttöoikeuksia ei ole myönnetty. (0xc0000022)
[1222/020831.763:ERROR:exception_snapshot_win.cc(88)] thread ID 11196 not found in process
[1222/021502.540:ERROR:process_reader_win.cc(123)] NtOpenThread: {Käyttö estetty} Prosessi pyysi objektin käyttöä, mutta käyttöoikeuksia ei ole myönnetty. (0xc0000022)
[1222/021502.541:ERROR:exception_snapshot_win.cc(88)] thread ID 11368 not found in process
[1222/021502.546:ERROR:process_reader_win.cc(123)] NtOpenThread: {Käyttö estetty} Prosessi pyysi objektin käyttöä, mutta käyttöoikeuksia ei ole myönnetty. (0xc0000022)
[1222/021502.547:ERROR:exception_snapshot_win.cc(88)] thread ID 2632 not found in process
[1222/022015.484:ERROR:process_reader_win.cc(123)] NtOpenThread: {Käyttö estetty} Prosessi pyysi objektin käyttöä, mutta käyttöoikeuksia ei ole myönnetty. (0xc0000022)
[1222/022015.486:ERROR:exception_snapshot_win.cc(88)] thread ID 17960 not found in process
[1222/022323.924:ERROR:process_reader_win.cc(123)] NtOpenThread: {Käyttö estetty} Prosessi pyysi objektin käyttöä, mutta käyttöoikeuksia ei ole myönnetty. (0xc0000022)
[1222/022323.925:ERROR:exception_snapshot_win.cc(88)] thread ID 11192 not found in process
[1222/023843.608:ERROR:process_reader_win.cc(123)] NtOpenThread: {Käyttö estetty} Prosessi pyysi objektin käyttöä, mutta käyttöoikeuksia ei ole myönnetty. (0xc0000022)
[1222/023843.609:ERROR:exception_snapshot_win.cc(88)] thread ID 8004 not found in process
[1222/023843.609:ERROR:process_reader_win.cc(123)] NtOpenThread: {Käyttö estetty} Prosessi pyysi objektin käyttöä, mutta käyttöoikeuksia ei ole myönnetty. (0xc0000022)
[1222/023843.610:ERROR:exception_snapshot_win.cc(88)] thread ID 9452 not found in process
[1222/023843.610:ERROR:process_reader_win.cc(123)] NtOpenThread: {Käyttö estetty} Prosessi pyysi objektin käyttöä, mutta käyttöoikeuksia ei ole myönnetty. (0xc0000022)
[1222/023843.612:ERROR:exception_snapshot_win.cc(88)] thread ID 15788 not found in process
[1222/024259.781:ERROR:process_reader_win.cc(123)] NtOpenThread: {Käyttö estetty} Prosessi pyysi objektin käyttöä, mutta käyttöoikeuksia ei ole myönnetty. (0xc0000022)
[1222/024259.781:ERROR:exception_snapshot_win.cc(88)] thread ID 10516 not found in process
[1222/024406.288:ERROR:process_reader_win.cc(123)] NtOpenThread: {Käyttö estetty} Prosessi pyysi objektin käyttöä, mutta käyttöoikeuksia ei ole myönnetty. (0xc0000022)
[1222/024406.289:ERROR:exception_snapshot_win.cc(88)] thread ID 7676 not found in process
[1222/025018.851:ERROR:process_reader_win.cc(123)] NtOpenThread: {Käyttö estetty} Prosessi pyysi objektin käyttöä, mutta käyttöoikeuksia ei ole myönnetty. (0xc0000022)
[1222/025018.851:ERROR:exception_snapshot_win.cc(88)] thread ID 17656 not found in process
[1222/030757.972:ERROR:process_reader_win.cc(151)] SuspendThread: Käyttö estetty. (0x5)
[1222/030757.974:ERROR:process_reader_win.cc(151)] SuspendThread: Käyttö estetty. (0x5)
[1222/030757.974:ERROR:process_reader_win.cc(151)] SuspendThread: Käyttö estetty. (0x5)
[1222/030757.974:ERROR:process_reader_win.cc(151)] SuspendThread: Käyttö estetty. (0x5)
[1222/030757.974:ERROR:process_reader_win.cc(151)] SuspendThread: Käyttö estetty. (0x5)
[1222/030757.974:ERROR:process_reader_win.cc(151)] SuspendThread: Käyttö estetty. (0x5)
[1222/030757.974:ERROR:process_reader_win.cc(151)] SuspendThread: Käyttö estetty. (0x5)
[1222/030757.974:ERROR:process_reader_win.cc(151)] SuspendThread: Käyttö estetty. (0x5)
[1222/030757.974:ERROR:process_reader_win.cc(151)] SuspendThread: Käyttö estetty. (0x5)
[1222/030757.974:ERROR:process_reader_win.cc(151)] SuspendThread: Käyttö estetty. (0x5)
[1222/030757.974:ERROR:process_reader_win.cc(151)] SuspendThread: Käyttö estetty. (0x5)
[1222/030757.974:ERROR:process_reader_win.cc(151)] SuspendThread: Käyttö estetty. (0x5)
[1222/030757.974:ERROR:process_reader_win.cc(151)] SuspendThread: Käyttö estetty. (0x5)
[1222/030757.974:ERROR:process_reader_win.cc(151)] SuspendThread: Käyttö estetty. (0x5)
[1222/030757.974:ERROR:process_reader_win.cc(151)] SuspendThread: Käyttö estetty. (0x5)
[1222/030757.974:ERROR:process_reader_win.cc(151)] SuspendThread: Käyttö estetty. (0x5)
[1222/030757.974:ERROR:process_reader_win.cc(151)] SuspendThread: Käyttö estetty. (0x5)
[1222/030757.974:ERROR:process_reader_win.cc(151)] SuspendThread: Käyttö estetty. (0x5)
[1222/030757.974:ERROR:process_reader_win.cc(151)] SuspendThread: Käyttö estetty. (0x5)
[1222/030757.974:ERROR:process_reader_win.cc(151)] SuspendThread: Käyttö estetty. (0x5)
[1222/030757.974:ERROR:process_reader_win.cc(151)] SuspendThread: Käyttö estetty. (0x5)
[1222/030757.974:ERROR:process_reader_win.cc(151)] SuspendThread: Käyttö estetty. (0x5)
[1222/030757.974:ERROR:process_reader_win.cc(151)] SuspendThread: Käyttö estetty. (0x5)
[1222/030757.974:ERROR:process_reader_win.cc(151)] SuspendThread: Käyttö estetty. (0x5)
[1222/030757.974:ERROR:process_reader_win.cc(151)] SuspendThread: Käyttö estetty. (0x5)
[1222/030757.974:ERROR:process_reader_win.cc(151)] SuspendThread: Käyttö estetty. (0x5)
[1222/030757.974:ERROR:process_reader_win.cc(151)] SuspendThread: Käyttö estetty. (0x5)
[1222/030757.974:ERROR:process_reader_win.cc(151)] SuspendThread: Käyttö estetty. (0x5)
[1222/030757.974:ERROR:process_reader_win.cc(151)] SuspendThread: Käyttö estetty. (0x5)
[1222/030757.974:ERROR:process_reader_win.cc(151)] SuspendThread: Käyttö estetty. (0x5)
[1222/030757.974:ERROR:process_reader_win.cc(151)] SuspendThread: Käyttö estetty. (0x5)
[1222/030757.974:ERROR:process_reader_win.cc(151)] SuspendThread: Käyttö estetty. (0x5)
[1222/030757.974:ERROR:process_reader_win.cc(151)] SuspendThread: Käyttö estetty. (0x5)
[1222/030757.974:ERROR:process_reader_win.cc(123)] NtOpenThread: {Käyttö estetty} Prosessi pyysi objektin käyttöä, mutta käyttöoikeuksia ei ole myönnetty. (0xc0000022)
[1222/030757.974:ERROR:exception_snapshot_win.cc(88)] thread ID 16900 not found in process
[1222/030757.964:ERROR:process_reader_win.cc(151)] SuspendThread: Käyttö estetty. (0x5)
[1222/030757.975:ERROR:process_reader_win.cc(151)] SuspendThread: Käyttö estetty. (0x5)
[1222/030757.975:ERROR:process_reader_win.cc(151)] SuspendThread: Käyttö estetty. (0x5)
[1222/030757.975:ERROR:process_reader_win.cc(151)] SuspendThread: Käyttö estetty. (0x5)
[1222/030757.975:ERROR:process_reader_win.cc(151)] SuspendThread: Käyttö estetty. (0x5)
[1222/030757.975:ERROR:process_reader_win.cc(151)] SuspendThread: Käyttö estetty. (0x5)
[1222/030757.975:ERROR:process_reader_win.cc(151)] SuspendThread: Käyttö estetty. (0x5)
[1222/030757.975:ERROR:process_reader_win.cc(151)] SuspendThread: Käyttö estetty. (0x5)
[1222/030757.975:ERROR:process_reader_win.cc(151)] SuspendThread: Käyttö estetty. (0x5)
[1222/030757.975:ERROR:process_reader_win.cc(151)] SuspendThread: Käyttö estetty. (0x5)
[1222/030757.975:ERROR:process_reader_win.cc(151)] SuspendThread: Käyttö estetty. (0x5)
[1222/030757.976:ERROR:process_reader_win.cc(151)] SuspendThread: Käyttö estetty. (0x5)
[1222/030757.976:ERROR:process_reader_win.cc(151)] SuspendThread: Käyttö estetty. (0x5)
[1222/030757.976:ERROR:process_reader_win.cc(151)] SuspendThread: Käyttö estetty. (0x5)
[1222/030757.976:ERROR:process_reader_win.cc(151)] SuspendThread: Käyttö estetty. (0x5)
[1222/030757.976:ERROR:process_reader_win.cc(151)] SuspendThread: Käyttö estetty. (0x5)
[1222/030757.976:ERROR:process_reader_win.cc(151)] SuspendThread: Käyttö estetty. (0x5)
[1222/030757.976:ERROR:process_reader_win.cc(151)] SuspendThread: Käyttö estetty. (0x5)
[1222/030757.976:ERROR:process_reader_win.cc(151)] SuspendThread: Käyttö estetty. (0x5)
[1222/030757.976:ERROR:process_reader_win.cc(151)] SuspendThread: Käyttö estetty. (0x5)
[1222/030757.976:ERROR:process_reader_win.cc(151)] SuspendThread: Käyttö estetty. (0x5)
[1222/030757.976:ERROR:process_reader_win.cc(151)] SuspendThread: Käyttö estetty. (0x5)
[1222/030757.976:ERROR:process_reader_win.cc(151)] SuspendThread: Käyttö estetty. (0x5)
[1222/030757.976:ERROR:process_reader_win.cc(151)] SuspendThread: Käyttö estetty. (0x5)
[1222/030757.976:ERROR:process_reader_win.cc(151)] SuspendThread: Käyttö estetty. (0x5)
[1222/030757.976:ERROR:process_reader_win.cc(151)] SuspendThread: Käyttö estetty. (0x5)
[1222/030757.976:ERROR:process_reader_win.cc(151)] SuspendThread: Käyttö estetty. (0x5)
[1222/030757.976:ERROR:process_reader_win.cc(151)] SuspendThread: Käyttö estetty. (0x5)
[1222/030757.976:ERROR:process_reader_win.cc(151)] SuspendThread: Käyttö estetty. (0x5)
[1222/030757.976:ERROR:process_reader_win.cc(123)] NtOpenThread: {Käyttö estetty} Prosessi pyysi objektin käyttöä, mutta käyttöoikeuksia ei ole myönnetty. (0xc0000022)
[1222/030757.976:ERROR:exception_snapshot_win.cc(88)] thread ID 17192 not found in process
[1222/030757.964:ERROR:process_reader_win.cc(151)] SuspendThread: Käyttö estetty. (0x5)
[1222/030757.977:ERROR:process_reader_win.cc(151)] SuspendThread: Käyttö estetty. (0x5)
[1222/030757.977:ERROR:process_reader_win.cc(151)] SuspendThread: Käyttö estetty. (0x5)
[1222/030757.977:ERROR:process_reader_win.cc(151)] SuspendThread: Käyttö estetty. (0x5)
[1222/030757.977:ERROR:process_reader_win.cc(151)] SuspendThread: Käyttö estetty. (0x5)
[1222/030757.977:ERROR:process_reader_win.cc(151)] SuspendThread: Käyttö estetty. (0x5)
[1222/030757.977:ERROR:process_reader_win.cc(151)] SuspendThread: Käyttö estetty. (0x5)
[1222/030757.977:ERROR:process_reader_win.cc(151)] SuspendThread: Käyttö estetty. (0x5)
[1222/030757.977:ERROR:process_reader_win.cc(151)] SuspendThread: Käyttö estetty. (0x5)
[1222/030757.977:ERROR:process_reader_win.cc(151)] SuspendThread: Käyttö estetty. (0x5)
[1222/030757.977:ERROR:process_reader_win.cc(151)] SuspendThread: Käyttö estetty. (0x5)
[1222/030757.977:ERROR:process_reader_win.cc(151)] SuspendThread: Käyttö estetty. (0x5)
[1222/030757.977:ERROR:process_reader_win.cc(151)] SuspendThread: Käyttö estetty. (0x5)
[1222/030757.977:ERROR:process_reader_win.cc(151)] SuspendThread: Käyttö estetty. (0x5)
[1222/030757.977:ERROR:process_reader_win.cc(151)] SuspendThread: Käyttö estetty. (0x5)
[1222/030757.977:ERROR:process_reader_win.cc(151)] SuspendThread: Käyttö estetty. (0x5)
[1222/030757.977:ERROR:process_reader_win.cc(151)] SuspendThread: Käyttö estetty. (0x5)
[1222/030757.977:ERROR:process_reader_win.cc(151)] SuspendThread: Käyttö estetty. (0x5)
[1222/030757.977:ERROR:process_reader_win.cc(151)] SuspendThread: Käyttö estetty. (0x5)
[1222/030757.977:ERROR:process_reader_win.cc(151)] SuspendThread: Käyttö estetty. (0x5)
[1222/030757.977:ERROR:process_reader_win.cc(151)] SuspendThread: Käyttö estetty. (0x5)
[1222/030757.977:ERROR:process_reader_win.cc(151)] SuspendThread: Käyttö estetty. (0x5)
[1222/030757.977:ERROR:process_reader_win.cc(151)] SuspendThread: Käyttö estetty. (0x5)
[1222/030757.977:ERROR:process_reader_win.cc(151)] SuspendThread: Käyttö estetty. (0x5)
[1222/030757.978:ERROR:process_reader_win.cc(151)] SuspendThread: Käyttö estetty. (0x5)
[1222/030757.978:ERROR:process_reader_win.cc(151)] SuspendThread: Käyttö estetty. (0x5)
[1222/030757.978:ERROR:process_reader_win.cc(151)] SuspendThread: Käyttö estetty. (0x5)
[1222/030757.978:ERROR:process_reader_win.cc(151)] SuspendThread: Käyttö estetty. (0x5)
[1222/030757.978:ERROR:process_reader_win.cc(151)] SuspendThread: Käyttö estetty. (0x5)
[1222/030757.972:ERROR:process_reader_win.cc(151)] SuspendThread: Käyttö estetty. (0x5)
[1222/030757.978:ERROR:process_reader_win.cc(151)] SuspendThread: Käyttö estetty. (0x5)
[1222/030757.978:ERROR:process_reader_win.cc(151)] SuspendThread: Käyttö estetty. (0x5)
[1222/030757.978:ERROR:process_reader_win.cc(151)] SuspendThread: Käyttö estetty. (0x5)
[1222/030757.978:ERROR:process_reader_win.cc(151)] SuspendThread: Käyttö estetty. (0x5)
[1222/030757.978:ERROR:process_reader_win.cc(151)] SuspendThread: Käyttö estetty. (0x5)
[1222/030757.978:ERROR:process_reader_win.cc(123)] NtOpenThread: {Käyttö estetty} Prosessi pyysi objektin käyttöä, mutta käyttöoikeuksia ei ole myönnetty. (0xc0000022)
[1222/030757.978:ERROR:process_reader_win.cc(151)] SuspendThread: Käyttö estetty. (0x5)
[1222/030757.978:ERROR:exception_snapshot_win.cc(88)] thread ID 19448 not found in process
[1222/030757.978:ERROR:process_reader_win.cc(151)] SuspendThread: Käyttö estetty. (0x5)
[1222/030757.978:ERROR:process_reader_win.cc(151)] SuspendThread: Käyttö estetty. (0x5)
[1222/030757.978:ERROR:process_reader_win.cc(151)] SuspendThread: Käyttö estetty. (0x5)
[1222/030757.978:ERROR:process_reader_win.cc(151)] SuspendThread: Käyttö estetty. (0x5)
[1222/030757.978:ERROR:process_reader_win.cc(151)] SuspendThread: Käyttö estetty. (0x5)
[1222/030757.978:ERROR:process_reader_win.cc(151)] SuspendThread: Käyttö estetty. (0x5)
[1222/030757.978:ERROR:process_reader_win.cc(151)] SuspendThread: Käyttö estetty. (0x5)
[1222/030757.978:ERROR:process_reader_win.cc(151)] SuspendThread: Käyttö estetty. (0x5)
[1222/030757.978:ERROR:process_reader_win.cc(151)] SuspendThread: Käyttö estetty. (0x5)
[1222/030757.978:ERROR:process_reader_win.cc(151)] SuspendThread: Käyttö estetty. (0x5)
[1222/030757.978:ERROR:process_reader_win.cc(151)] SuspendThread: Käyttö estetty. (0x5)
[1222/030757.978:ERROR:process_reader_win.cc(151)] SuspendThread: Käyttö estetty. (0x5)
[1222/030757.978:ERROR:process_reader_win.cc(151)] SuspendThread: Käyttö estetty. (0x5)
[1222/030757.978:ERROR:process_reader_win.cc(151)] SuspendThread: Käyttö estetty. (0x5)
[1222/030757.978:ERROR:process_reader_win.cc(151)] SuspendThread: Käyttö estetty. (0x5)
[1222/030757.978:ERROR:process_reader_win.cc(151)] SuspendThread: Käyttö estetty. (0x5)
[1222/030757.978:ERROR:process_reader_win.cc(151)] SuspendThread: Käyttö estetty. (0x5)
[1222/030757.978:ERROR:process_reader_win.cc(151)] SuspendThread: Käyttö estetty. (0x5)
[1222/030757.978:ERROR:process_reader_win.cc(151)] SuspendThread: Käyttö estetty. (0x5)
[1222/030757.978:ERROR:process_reader_win.cc(151)] SuspendThread: Käyttö estetty. (0x5)
[1222/030757.978:ERROR:process_reader_win.cc(123)] NtOpenThread: {Käyttö estetty} Prosessi pyysi objektin käyttöä, mutta käyttöoikeuksia ei ole myönnetty. (0xc0000022)
[1222/030757.979:ERROR:exception_snapshot_win.cc(88)] thread ID 8472 not found in process
[1222/030757.986:ERROR:process_reader_win.cc(151)] SuspendThread: Käyttö estetty. (0x5)
[1222/030757.987:ERROR:process_reader_win.cc(151)] SuspendThread: Käyttö estetty. (0x5)
[1222/030757.987:ERROR:process_reader_win.cc(151)] SuspendThread: Käyttö estetty. (0x5)
[1222/030757.987:ERROR:process_reader_win.cc(151)] SuspendThread: Käyttö estetty. (0x5)
[1222/030757.987:ERROR:process_reader_win.cc(151)] SuspendThread: Käyttö estetty. (0x5)
[1222/030757.987:ERROR:process_reader_win.cc(151)] SuspendThread: Käyttö estetty. (0x5)
[1222/030757.987:ERROR:process_reader_win.cc(151)] SuspendThread: Käyttö estetty. (0x5)
[1222/030757.987:ERROR:process_reader_win.cc(151)] SuspendThread: Käyttö estetty. (0x5)
[1222/030757.987:ERROR:process_reader_win.cc(151)] SuspendThread: Käyttö estetty. (0x5)
[1222/030757.987:ERROR:process_reader_win.cc(151)] SuspendThread: Käyttö estetty. (0x5)
[1222/030757.987:ERROR:process_reader_win.cc(151)] SuspendThread: Käyttö estetty. (0x5)
[1222/030757.987:ERROR:process_reader_win.cc(151)] SuspendThread: Käyttö estetty. (0x5)
[1222/030757.987:ERROR:process_reader_win.cc(151)] SuspendThread: Käyttö estetty. (0x5)
[1222/030757.987:ERROR:process_reader_win.cc(151)] SuspendThread: Käyttö estetty. (0x5)
[1222/030757.987:ERROR:process_reader_win.cc(151)] SuspendThread: Käyttö estetty. (0x5)
[1222/030757.987:ERROR:process_reader_win.cc(151)] SuspendThread: Käyttö estetty. (0x5)
[1222/030757.987:ERROR:process_reader_win.cc(151)] SuspendThread: Käyttö estetty. (0x5)
[1222/030757.987:ERROR:process_reader_win.cc(151)] SuspendThread: Käyttö estetty. (0x5)
[1222/030757.987:ERROR:process_reader_win.cc(123)] NtOpenThread: {Käyttö estetty} Prosessi pyysi objektin käyttöä, mutta käyttöoikeuksia ei ole myönnetty. (0xc0000022)
[1222/030757.987:ERROR:exception_snapshot_win.cc(88)] thread ID 20992 not found in process
